2025-02-06 20:16:20 - INFO - Запуск приложения Budget Keeper
2025-02-06 20:16:20 - INFO - Проверка на наличие шрифта в системе пользователя
2025-02-06 20:16:20 - INFO - Шрифт 'Involve' не был найден в системе
2025-02-06 20:16:20 - INFO - Выполняется попытка загрузки шрифта
2025-02-06 20:16:20 - INFO - Шрифт был успешно загружен: 'Involve'
2025-02-06 20:16:20 - INFO - Шрифт был успешно загружен: 'Involve SemiBold'
2025-02-06 20:16:23 - INFO - Завершение работы приложения Budget Keeper
2025-02-06 20:43:56 - INFO - Запуск приложения Budget Keeper
2025-02-06 20:43:56 - INFO - Проверка на наличие шрифта в системе пользователя
2025-02-06 20:43:56 - INFO - Шрифт 'Involve' не был найден в системе
2025-02-06 20:43:56 - INFO - Выполняется попытка загрузки шрифта
2025-02-06 20:43:56 - INFO - Шрифт был успешно загружен: 'Involve'
2025-02-06 20:43:56 - INFO - Шрифт был успешно загружен: 'Involve SemiBold'
2025-02-06 20:43:57 - INFO - Завершение работы приложения Budget Keeper
2025-02-06 21:11:37 - INFO - Запуск приложения Budget Keeper
2025-02-06 21:11:37 - INFO - Проверка на наличие шрифта в системе пользователя
2025-02-06 21:11:37 - INFO - Шрифт 'Involve' не был найден в системе
2025-02-06 21:11:37 - INFO - Выполняется попытка загрузки шрифта
2025-02-06 21:11:37 - INFO - Шрифт был успешно загружен: 'Involve'
2025-02-06 21:11:37 - INFO - Шрифт был успешно загружен: 'Involve SemiBold'
2025-02-06 21:11:42 - INFO - Открытие страницы входа в профиль
2025-02-06 21:11:45 - INFO - Выполняется вход в профиль, логин: 'admin', пароль: '01'
2025-02-06 21:11:45 - INFO - Успешное подключение к базе данных: 'budget_keeper.db'
2025-02-06 21:11:45 - INFO - Выполнение запроса к базе данных: 'select user_id from user_data where login = ? and password = ?', параметры: '('admin', '01')'
2025-02-06 21:11:45 - INFO - Результат fetchone успешно получен
2025-02-06 21:11:45 - INFO - Подключение к базе данных закрыто: 'budget_keeper.db'
2025-02-06 21:11:45 - INFO - Пользователь найден в базе данных, user_id: '2'
2025-02-06 21:11:45 - INFO - Открытие главной страницы для пользователя: '2'
2025-02-06 21:11:45 - INFO - Выполняется поиск имени пользователя по указанному id: '2'
2025-02-06 21:11:45 - INFO - Успешное подключение к базе данных: 'budget_keeper.db'
2025-02-06 21:11:45 - INFO - Выполнение запроса к базе данных: 'select first_name, current_income from user_data where user_id = ?', параметры: '(2,)'
2025-02-06 21:11:45 - INFO - Результат fetchone успешно получен
2025-02-06 21:11:45 - INFO - Подключение к базе данных закрыто: 'budget_keeper.db'
2025-02-06 21:11:45 - INFO - Пользователь с заданным id найден, имя: 'admin'
2025-02-06 21:11:45 - INFO - Успешный вход на страницу пользователя
2025-02-06 21:11:45 - INFO - Выполняется сбор необходимых данных по счетам пользователя для настройки столбчатого графика
2025-02-06 21:11:45 - INFO - Успешное подключение к базе данных: 'budget_keeper.db'
2025-02-06 21:11:45 - INFO - Выполнение запроса к базе данных: 'select ab.balance_id, ab.user_id, ab.year, ab.month, ab.account_id, ab.account_type_code, ab.amount, ab.created_at from account_balance ab join (select user_id, year, month, account_id, account_type_code, amount, max(created_at) AS max_created_at from account_balance where user_id = ? group by user_id, year, month, account_id, account_type_code) subquery on ab.user_id = subquery.user_id and ab.year = subquery.year and ab.month = subquery.month and ab.account_id = subquery.account_id and ab.account_type_code = subquery.account_type_code and ab.created_at = subquery.max_created_at ', параметры: '(2,)'
2025-02-06 21:11:45 - INFO - Результат fetchall успешно получен
2025-02-06 21:11:45 - INFO - Подключение к базе данных закрыто: 'budget_keeper.db'
2025-02-06 21:11:45 - INFO - Все записи по всем счетам пользователя были успешно получены, количество: '1'
2025-02-06 21:11:45 - INFO - Выполняется получение наименований для всех счетов пользователя
2025-02-06 21:11:45 - INFO - Успешное подключение к базе данных: 'budget_keeper.db'
2025-02-06 21:11:45 - INFO - Выполнение запроса к базе данных: 'select user_id, account_id, account_name from user_account where user_id = ?', параметры: '(2,)'
2025-02-06 21:11:45 - INFO - Результат fetchall успешно получен
2025-02-06 21:11:45 - INFO - Подключение к базе данных закрыто: 'budget_keeper.db'
2025-02-06 21:11:45 - INFO - Наименования по всем счетам пользователя успешно получены
2025-02-06 21:11:45 - INFO - Сбор необходимых данных по счетам пользователя для настройки столбчатого графика выполнен успешно, список периодов и сумм для пользователя: '[('Декабрь,2024', 1000.0)]'
2025-02-06 21:11:45 - INFO - Выполняется отрисовка графика
2025-02-06 21:11:45 - ERROR - Возникла ошибка при отрисовке графика, детали: '[Errno 2] No such file or directory: 'F:\\budget_keeper\\budget_keeper\\content\\fonts\\Involve-Regular.ttf''
2025-02-06 21:12:48 - INFO - Открытие страницы подтверждения выхода из приложения
2025-02-06 21:12:48 - INFO - Пользователь подтвердил выход из приложения
2025-02-06 21:12:48 - INFO - Завершение работы приложения Budget Keeper
2025-02-06 21:13:29 - INFO - Запуск приложения Budget Keeper
2025-02-06 21:13:29 - INFO - Проверка на наличие шрифта в системе пользователя
2025-02-06 21:13:29 - INFO - Шрифт 'Involve' не был найден в системе
2025-02-06 21:13:29 - INFO - Выполняется попытка загрузки шрифта
2025-02-06 21:13:29 - INFO - Шрифт был успешно загружен: 'Involve'
2025-02-06 21:13:29 - INFO - Шрифт был успешно загружен: 'Involve SemiBold'
2025-02-06 21:13:30 - INFO - Открытие страницы входа в профиль
2025-02-06 21:13:33 - INFO - Выполняется вход в профиль, логин: 'admin', пароль: '01'
2025-02-06 21:13:33 - INFO - Успешное подключение к базе данных: 'budget_keeper.db'
2025-02-06 21:13:33 - INFO - Выполнение запроса к базе данных: 'select user_id from user_data where login = ? and password = ?', параметры: '('admin', '01')'
2025-02-06 21:13:33 - INFO - Результат fetchone успешно получен
2025-02-06 21:13:33 - INFO - Подключение к базе данных закрыто: 'budget_keeper.db'
2025-02-06 21:13:33 - INFO - Пользователь найден в базе данных, user_id: '2'
2025-02-06 21:13:33 - INFO - Открытие главной страницы для пользователя: '2'
2025-02-06 21:13:33 - INFO - Выполняется поиск имени пользователя по указанному id: '2'
2025-02-06 21:13:33 - INFO - Успешное подключение к базе данных: 'budget_keeper.db'
2025-02-06 21:13:33 - INFO - Выполнение запроса к базе данных: 'select first_name, current_income from user_data where user_id = ?', параметры: '(2,)'
2025-02-06 21:13:33 - INFO - Результат fetchone успешно получен
2025-02-06 21:13:33 - INFO - Подключение к базе данных закрыто: 'budget_keeper.db'
2025-02-06 21:13:33 - INFO - Пользователь с заданным id найден, имя: 'admin'
2025-02-06 21:13:33 - INFO - Успешный вход на страницу пользователя
2025-02-06 21:13:33 - INFO - Выполняется сбор необходимых данных по счетам пользователя для настройки столбчатого графика
2025-02-06 21:13:33 - INFO - Успешное подключение к базе данных: 'budget_keeper.db'
2025-02-06 21:13:33 - INFO - Выполнение запроса к базе данных: 'select ab.balance_id, ab.user_id, ab.year, ab.month, ab.account_id, ab.account_type_code, ab.amount, ab.created_at from account_balance ab join (select user_id, year, month, account_id, account_type_code, amount, max(created_at) AS max_created_at from account_balance where user_id = ? group by user_id, year, month, account_id, account_type_code) subquery on ab.user_id = subquery.user_id and ab.year = subquery.year and ab.month = subquery.month and ab.account_id = subquery.account_id and ab.account_type_code = subquery.account_type_code and ab.created_at = subquery.max_created_at ', параметры: '(2,)'
2025-02-06 21:13:33 - INFO - Результат fetchall успешно получен
2025-02-06 21:13:33 - INFO - Подключение к базе данных закрыто: 'budget_keeper.db'
2025-02-06 21:13:33 - INFO - Все записи по всем счетам пользователя были успешно получены, количество: '1'
2025-02-06 21:13:33 - INFO - Выполняется получение наименований для всех счетов пользователя
2025-02-06 21:13:33 - INFO - Успешное подключение к базе данных: 'budget_keeper.db'
2025-02-06 21:13:33 - INFO - Выполнение запроса к базе данных: 'select user_id, account_id, account_name from user_account where user_id = ?', параметры: '(2,)'
2025-02-06 21:13:33 - INFO - Результат fetchall успешно получен
2025-02-06 21:13:33 - INFO - Подключение к базе данных закрыто: 'budget_keeper.db'
2025-02-06 21:13:33 - INFO - Наименования по всем счетам пользователя успешно получены
2025-02-06 21:13:33 - INFO - Сбор необходимых данных по счетам пользователя для настройки столбчатого графика выполнен успешно, список периодов и сумм для пользователя: '[('Декабрь,2024', 1000.0)]'
2025-02-06 21:13:33 - INFO - Выполняется отрисовка графика
2025-02-06 21:13:33 - INFO - График успешно отрисован
2025-02-06 21:17:50 - INFO - Открытие страницы подтверждения выхода из приложения
2025-02-06 21:17:50 - INFO - Пользователь подтвердил выход из приложения
2025-02-06 21:17:50 - INFO - Завершение работы приложения Budget Keeper
2025-02-06 21:17:52 - INFO - Запуск приложения Budget Keeper
2025-02-06 21:17:52 - INFO - Проверка на наличие шрифта в системе пользователя
2025-02-06 21:17:52 - INFO - Шрифт 'Involve' не был найден в системе
2025-02-06 21:17:52 - INFO - Выполняется попытка загрузки шрифта
2025-02-06 21:17:52 - INFO - Шрифт был успешно загружен: 'Involve'
2025-02-06 21:17:52 - INFO - Шрифт был успешно загружен: 'Involve SemiBold'
2025-02-06 21:17:53 - INFO - Открытие страницы входа в профиль
2025-02-06 21:17:56 - INFO - Выполняется вход в профиль, логин: 'admin', пароль: '[HIDDEN]'
2025-02-06 21:17:56 - INFO - Успешное подключение к базе данных: 'budget_keeper.db'
2025-02-06 21:17:56 - INFO - Выполнение запроса к базе данных: 'select user_id from user_data where login = ? and password = ?'
2025-02-06 21:17:56 - INFO - Результат fetchone успешно получен
2025-02-06 21:17:56 - INFO - Подключение к базе данных закрыто: 'budget_keeper.db'
2025-02-06 21:17:56 - INFO - Пользователь найден в базе данных, user_id: '2'
2025-02-06 21:17:56 - INFO - Открытие главной страницы для пользователя: '2'
2025-02-06 21:17:56 - INFO - Выполняется поиск имени пользователя по указанному id: '2'
2025-02-06 21:17:56 - INFO - Успешное подключение к базе данных: 'budget_keeper.db'
2025-02-06 21:17:56 - INFO - Выполнение запроса к базе данных: 'select first_name, current_income from user_data where user_id = ?'
2025-02-06 21:17:56 - INFO - Результат fetchone успешно получен
2025-02-06 21:17:56 - INFO - Подключение к базе данных закрыто: 'budget_keeper.db'
2025-02-06 21:17:56 - INFO - Пользователь с заданным id найден, имя: 'admin'
2025-02-06 21:17:56 - INFO - Успешный вход на страницу пользователя
2025-02-06 21:17:56 - INFO - Выполняется сбор необходимых данных по счетам пользователя для настройки столбчатого графика
2025-02-06 21:17:56 - INFO - Успешное подключение к базе данных: 'budget_keeper.db'
2025-02-06 21:17:56 - INFO - Выполнение запроса к базе данных: 'select ab.balance_id, ab.user_id, ab.year, ab.month, ab.account_id, ab.account_type_code, ab.amount, ab.created_at from account_balance ab join (select user_id, year, month, account_id, account_type_code, amount, max(created_at) AS max_created_at from account_balance where user_id = ? group by user_id, year, month, account_id, account_type_code) subquery on ab.user_id = subquery.user_id and ab.year = subquery.year and ab.month = subquery.month and ab.account_id = subquery.account_id and ab.account_type_code = subquery.account_type_code and ab.created_at = subquery.max_created_at '
2025-02-06 21:17:56 - INFO - Результат fetchall успешно получен
2025-02-06 21:17:56 - INFO - Подключение к базе данных закрыто: 'budget_keeper.db'
2025-02-06 21:17:56 - INFO - Все записи по всем счетам пользователя были успешно получены, количество: '1'
2025-02-06 21:17:56 - INFO - Выполняется получение наименований для всех счетов пользователя
2025-02-06 21:17:56 - INFO - Успешное подключение к базе данных: 'budget_keeper.db'
2025-02-06 21:17:56 - INFO - Выполнение запроса к базе данных: 'select user_id, account_id, account_name from user_account where user_id = ?'
2025-02-06 21:17:56 - INFO - Результат fetchall успешно получен
2025-02-06 21:17:56 - INFO - Подключение к базе данных закрыто: 'budget_keeper.db'
2025-02-06 21:17:56 - INFO - Наименования по всем счетам пользователя успешно получены
2025-02-06 21:17:56 - INFO - Сбор необходимых данных по счетам пользователя для настройки столбчатого графика выполнен успешно, список периодов и сумм для пользователя: '[('Декабрь,2024', 1000.0)]'
2025-02-06 21:17:56 - INFO - Выполняется отрисовка графика
2025-02-06 21:17:56 - INFO - График успешно отрисован
2025-02-06 21:18:20 - INFO - Открытие страницы подтверждения выхода из приложения
2025-02-06 21:18:22 - INFO - Пользователь подтвердил выход из приложения
2025-02-06 21:18:22 - INFO - Завершение работы приложения Budget Keeper
