2024-12-27 22:55:16 - INFO - Запуск приложения Budget Keeper
2024-12-27 22:55:16 - INFO - Проверка на наличие шрифта в системе пользователя
2024-12-27 22:55:16 - INFO - Шрифт 'Involve' не был найден в системе
2024-12-27 22:55:16 - INFO - Выполняется попытка загрузки шрифта
2024-12-27 22:55:16 - INFO - Шрифт был успешно загружен: 'Involve'
2024-12-27 22:55:16 - INFO - Шрифт был успешно загружен: 'Involve SemiBold'
2024-12-27 22:55:18 - INFO - Завершение работы приложения Budget Keeper
2024-12-27 22:55:41 - INFO - Запуск приложения Budget Keeper
2024-12-27 22:55:41 - INFO - Проверка на наличие шрифта в системе пользователя
2024-12-27 22:55:41 - INFO - Шрифт 'Involve' не был найден в системе
2024-12-27 22:55:41 - INFO - Выполняется попытка загрузки шрифта
2024-12-27 22:55:41 - INFO - Шрифт был успешно загружен: 'Involve'
2024-12-27 22:55:41 - INFO - Шрифт был успешно загружен: 'Involve SemiBold'
2024-12-27 22:55:43 - INFO - Открытие страницы регистрации
2024-12-27 22:55:46 - INFO - Выполняется регистрация нового пользователя, логин: 'admin', пароль: '01'
2024-12-27 22:55:46 - INFO - Выполняется проверка логина на существование в базе данных, логин: 'admin'
2024-12-27 22:55:46 - INFO - Успешное подключение к базе данных: 'budget_keeper.db'
2024-12-27 22:55:46 - INFO - Выполнение запроса к базе данных: 'select login from user_data where login = ?', параметры: '('admin',)'
2024-12-27 22:55:46 - INFO - Результат fetchone успешно получен
2024-12-27 22:55:46 - INFO - Подключение к базе данных закрыто: 'budget_keeper.db'
2024-12-27 22:55:46 - INFO - Успешное подключение к базе данных: 'budget_keeper.db'
2024-12-27 22:55:46 - INFO - Выполнение запроса к базе данных: 'insert into user_data (login, password) values (?, ?)', параметры: '('admin', '01')'
2024-12-27 22:55:46 - INFO - Результат fetchone успешно получен
2024-12-27 22:55:46 - INFO - Подключение к базе данных закрыто: 'budget_keeper.db'
2024-12-27 22:55:46 - INFO - Успешное подключение к базе данных: 'budget_keeper.db'
2024-12-27 22:55:46 - INFO - Выполнение запроса к базе данных: 'select user_id from user_data where login = ?', параметры: '('admin',)'
2024-12-27 22:55:46 - INFO - Результат fetchone успешно получен
2024-12-27 22:55:46 - INFO - Подключение к базе данных закрыто: 'budget_keeper.db'
2024-12-27 22:55:46 - INFO - Пользователь успешно зарегистрирован, логин: 'admin', пароль: '01'
2024-12-27 22:55:48 - INFO - Открытие страницы анкеты для пользователя: '1'
2024-12-27 22:55:50 - INFO - Выполняется сохранение данных нового пользователя
2024-12-27 22:55:50 - INFO - Успешное подключение к базе данных: 'budget_keeper.db'
2024-12-27 22:55:50 - INFO - Выполнение запроса к базе данных: 'update user_data set first_name = ?, last_name = ?, current_income = ? where user_id = ?', параметры: '('admin', '', '', 1)'
2024-12-27 22:55:50 - INFO - Запрос выполнен успешно, продолжение работы приложения
2024-12-27 22:55:50 - INFO - Подключение к базе данных закрыто: 'budget_keeper.db'
2024-12-27 22:55:50 - INFO - Анкета пользователя успешно сохранена: id: '1', имя: 'admin', фамилия: '', текущий доход: ''
2024-12-27 22:55:52 - INFO - Открытие приветственной страницы для пользователя: '1'
2024-12-27 22:55:53 - INFO - Открытие страницы создания счетов для пользователя: '1'
2024-12-27 22:55:54 - INFO - Выполняется очистка форм для заполнения счетов пользователя
2024-12-27 22:55:54 - INFO - Выполняется генерация форм для заполнения данных о счетах пользователя, количество: '1'
2024-12-27 22:55:56 - INFO - Выполняется попытка сохранения счетов пользователя: '1'
2024-12-27 22:55:56 - INFO - Успешное подключение к базе данных: 'budget_keeper.db'
2024-12-27 22:55:56 - INFO - Выполнение запроса к базе данных: 'select account_type_code from account_type where account_type_name = ?', параметры: '('Карточный счёт',)'
2024-12-27 22:55:56 - INFO - Результат fetchone успешно получен
2024-12-27 22:55:56 - INFO - Подключение к базе данных закрыто: 'budget_keeper.db'
2024-12-27 22:55:56 - INFO - Успешное подключение к базе данных: 'budget_keeper.db'
2024-12-27 22:55:56 - INFO - Выполнение запроса к базе данных: 'select account_type from account_type where account_type_code = ?', параметры: '(21,)'
2024-12-27 22:55:56 - INFO - Результат fetchone успешно получен
2024-12-27 22:55:56 - INFO - Подключение к базе данных закрыто: 'budget_keeper.db'
2024-12-27 22:55:56 - INFO - Успешное получение дополнительных данных по счёту из справочника: 'test'
2024-12-27 22:55:56 - INFO - Успешное подключение к базе данных: 'budget_keeper.db'
2024-12-27 22:55:56 - INFO - Выполнение запроса к базе данных: 'insert into user_account (user_id, account_name, account_type_name, account_type, account_type_code, create_date, deactivate_date, update_date) values (?, ?, ?, ?, ?, ?, ?, ?);', параметры: '(1, 'test', 'Карточный счёт', 'Дебетовый', 21, '2024-12-27 22:55:56', '9999-12-12 23:59:59', '2024-12-27 22:55:56')'
2024-12-27 22:55:56 - INFO - Запрос выполнен успешно, продолжение работы приложения
2024-12-27 22:55:56 - INFO - Подключение к базе данных закрыто: 'budget_keeper.db'
2024-12-27 22:55:56 - INFO - Выполнено успешное сохранение счетов пользователя в базу данных
2024-12-27 22:55:58 - INFO - Открытие главной страницы для пользователя: '1'
2024-12-27 22:55:58 - INFO - Выполняется поиск имени пользователя по указанному id: '1'
2024-12-27 22:55:58 - INFO - Успешное подключение к базе данных: 'budget_keeper.db'
2024-12-27 22:55:58 - INFO - Выполнение запроса к базе данных: 'select first_name, current_income from user_data where user_id = ?', параметры: '(1,)'
2024-12-27 22:55:58 - INFO - Результат fetchone успешно получен
2024-12-27 22:55:58 - INFO - Подключение к базе данных закрыто: 'budget_keeper.db'
2024-12-27 22:55:58 - INFO - Пользователь с заданным id найден, имя: 'admin'
2024-12-27 22:55:58 - INFO - Успешный вход на страницу пользователя
2024-12-27 22:55:58 - INFO - Выполняется сбор необходимых данных по счетам пользователя для настройки столбчатого графика
2024-12-27 22:55:58 - INFO - Успешное подключение к базе данных: 'budget_keeper.db'
2024-12-27 22:55:58 - INFO - Выполнение запроса к базе данных: 'select ab.balance_id, ab.user_id, ab.year, ab.month, ab.account_id, ab.account_type_code, ab.amount, ab.created_at from account_balance ab join (select user_id, year, month, account_id, account_type_code, amount, max(created_at) AS max_created_at from account_balance where user_id = ? group by user_id, year, month, account_id, account_type_code) subquery on ab.user_id = subquery.user_id and ab.year = subquery.year and ab.month = subquery.month and ab.account_id = subquery.account_id and ab.account_type_code = subquery.account_type_code and ab.created_at = subquery.max_created_at ', параметры: '(1,)'
2024-12-27 22:55:58 - INFO - Результат fetchall успешно получен
2024-12-27 22:55:58 - INFO - Подключение к базе данных закрыто: 'budget_keeper.db'
2024-12-27 22:55:58 - WARNING - Данные по всем счетам пользователя за всё время не были получены: у пользователя нет таковых
2024-12-27 22:56:01 - INFO - Открытие страницы подтверждения выхода из приложения
2024-12-27 22:56:03 - INFO - Пользователь подтвердил выход из приложения
2024-12-27 22:56:03 - INFO - Завершение работы приложения Budget Keeper
