2025-03-05 18:45:37 - INFO - Запуск приложения Budget Keeper
2025-03-05 18:45:37 - INFO - Проверка на наличие шрифта в системе пользователя
2025-03-05 18:45:37 - INFO - Шрифт 'Involve' не был найден в системе
2025-03-05 18:45:37 - INFO - Выполняется попытка загрузки шрифта
2025-03-05 18:45:37 - INFO - Шрифт был успешно загружен: 'Involve'
2025-03-05 18:45:37 - INFO - Шрифт был успешно загружен: 'Involve SemiBold'
2025-03-05 18:45:44 - INFO - Открытие страницы регистрации
2025-03-05 18:45:47 - INFO - Выполняется регистрация нового пользователя, логин: 'admin', пароль: '[HIDDEN]'
2025-03-05 18:45:47 - INFO - Выполняется проверка логина на существование в базе данных, логин: 'admin'
2025-03-05 18:45:47 - INFO - Успешное подключение к базе данных: 'budget_keeper.db'
2025-03-05 18:45:47 - INFO - Выполнение запроса к базе данных: 'select login from user_data where login = ?'
2025-03-05 18:45:47 - INFO - Результат fetchone успешно получен
2025-03-05 18:45:47 - INFO - Подключение к базе данных закрыто: 'budget_keeper.db'
2025-03-05 18:45:47 - INFO - Успешное подключение к базе данных: 'budget_keeper.db'
2025-03-05 18:45:47 - INFO - Выполнение запроса к базе данных: 'insert into user_data (login, password) values (?, ?)'
2025-03-05 18:45:47 - INFO - Результат fetchone успешно получен
2025-03-05 18:45:47 - INFO - Подключение к базе данных закрыто: 'budget_keeper.db'
2025-03-05 18:45:47 - INFO - Успешное подключение к базе данных: 'budget_keeper.db'
2025-03-05 18:45:47 - INFO - Выполнение запроса к базе данных: 'select user_id from user_data where login = ?'
2025-03-05 18:45:47 - INFO - Результат fetchone успешно получен
2025-03-05 18:45:47 - INFO - Подключение к базе данных закрыто: 'budget_keeper.db'
2025-03-05 18:45:47 - INFO - Пользователь успешно зарегистрирован, логин: 'admin', пароль: '[HIDDEN]'
2025-03-05 18:45:49 - INFO - Открытие страницы анкеты для пользователя: '1'
2025-03-05 18:45:58 - INFO - Выполняется сохранение данных нового пользователя
2025-03-05 18:45:58 - INFO - Выполняется запрос на парсинг числового значения: '50 000'
2025-03-05 18:45:58 - INFO - Запрос на парсинг числового значения успешно выполнен, введённое значение: '50 000', полученное значение: '50000.0'
2025-03-05 18:45:58 - INFO - Успешное подключение к базе данных: 'budget_keeper.db'
2025-03-05 18:45:58 - INFO - Выполнение запроса к базе данных: 'update user_data set first_name = ?, last_name = ?, current_income = ? where user_id = ?'
2025-03-05 18:45:58 - INFO - Запрос выполнен успешно, продолжение работы приложения
2025-03-05 18:45:58 - INFO - Подключение к базе данных закрыто: 'budget_keeper.db'
2025-03-05 18:45:58 - INFO - Анкета пользователя успешно сохранена: id: '1', имя: 'admin', фамилия: '', текущий доход: '50000.0'
2025-03-05 18:46:00 - INFO - Открытие приветственной страницы для пользователя: '1'
2025-03-05 18:46:01 - INFO - Открытие страницы создания счетов для пользователя: '1'
2025-03-05 18:46:03 - INFO - Выполняется очистка форм для заполнения счетов пользователя
2025-03-05 18:46:03 - INFO - Выполняется генерация форм для заполнения данных о счетах пользователя, количество: '2'
2025-03-05 18:46:10 - INFO - Выполняется попытка сохранения счетов пользователя: '1'
2025-03-05 18:46:10 - INFO - Успешное подключение к базе данных: 'budget_keeper.db'
2025-03-05 18:46:10 - INFO - Выполнение запроса к базе данных: 'select account_type_code from account_type where account_type_name = ?'
2025-03-05 18:46:10 - INFO - Результат fetchone успешно получен
2025-03-05 18:46:10 - INFO - Подключение к базе данных закрыто: 'budget_keeper.db'
2025-03-05 18:46:10 - INFO - Успешное подключение к базе данных: 'budget_keeper.db'
2025-03-05 18:46:10 - INFO - Выполнение запроса к базе данных: 'select account_type from account_type where account_type_code = ?'
2025-03-05 18:46:10 - INFO - Результат fetchone успешно получен
2025-03-05 18:46:10 - INFO - Подключение к базе данных закрыто: 'budget_keeper.db'
2025-03-05 18:46:10 - INFO - Успешное получение дополнительных данных по счёту из справочника: 'card'
2025-03-05 18:46:10 - INFO - Успешное подключение к базе данных: 'budget_keeper.db'
2025-03-05 18:46:10 - INFO - Выполнение запроса к базе данных: 'insert into user_account (user_id, account_name, account_type_name, account_type, account_type_code, create_date, deactivate_date, update_date) values (?, ?, ?, ?, ?, ?, ?, ?);'
2025-03-05 18:46:10 - INFO - Запрос выполнен успешно, продолжение работы приложения
2025-03-05 18:46:10 - INFO - Подключение к базе данных закрыто: 'budget_keeper.db'
2025-03-05 18:46:10 - INFO - Успешное подключение к базе данных: 'budget_keeper.db'
2025-03-05 18:46:10 - INFO - Выполнение запроса к базе данных: 'select account_type_code from account_type where account_type_name = ?'
2025-03-05 18:46:10 - INFO - Результат fetchone успешно получен
2025-03-05 18:46:10 - INFO - Подключение к базе данных закрыто: 'budget_keeper.db'
2025-03-05 18:46:10 - INFO - Успешное подключение к базе данных: 'budget_keeper.db'
2025-03-05 18:46:10 - INFO - Выполнение запроса к базе данных: 'select account_type from account_type where account_type_code = ?'
2025-03-05 18:46:10 - INFO - Результат fetchone успешно получен
2025-03-05 18:46:10 - INFO - Подключение к базе данных закрыто: 'budget_keeper.db'
2025-03-05 18:46:10 - INFO - Успешное получение дополнительных данных по счёту из справочника: 'current'
2025-03-05 18:46:10 - INFO - Успешное подключение к базе данных: 'budget_keeper.db'
2025-03-05 18:46:10 - INFO - Выполнение запроса к базе данных: 'insert into user_account (user_id, account_name, account_type_name, account_type, account_type_code, create_date, deactivate_date, update_date) values (?, ?, ?, ?, ?, ?, ?, ?);'
2025-03-05 18:46:10 - INFO - Запрос выполнен успешно, продолжение работы приложения
2025-03-05 18:46:10 - INFO - Подключение к базе данных закрыто: 'budget_keeper.db'
2025-03-05 18:46:10 - INFO - Выполнено успешное сохранение счетов пользователя в базу данных
2025-03-05 18:46:11 - INFO - Открытие главной страницы для пользователя: '1'
2025-03-05 18:46:11 - INFO - Выполняется поиск имени пользователя по указанному id: '1'
2025-03-05 18:46:11 - INFO - Успешное подключение к базе данных: 'budget_keeper.db'
2025-03-05 18:46:11 - INFO - Выполнение запроса к базе данных: 'select first_name, current_income from user_data where user_id = ?'
2025-03-05 18:46:11 - INFO - Результат fetchone успешно получен
2025-03-05 18:46:11 - INFO - Подключение к базе данных закрыто: 'budget_keeper.db'
2025-03-05 18:46:11 - INFO - Пользователь с заданным id найден, имя: 'admin'
2025-03-05 18:46:11 - INFO - Успешный вход на страницу пользователя
2025-03-05 18:46:11 - INFO - Выполняется сбор необходимых данных по счетам пользователя для настройки столбчатого графика
2025-03-05 18:46:11 - INFO - Успешное подключение к базе данных: 'budget_keeper.db'
2025-03-05 18:46:11 - INFO - Выполнение запроса к базе данных: 'select ab.balance_id, ab.user_id, ab.year, ab.month, ab.account_id, ab.account_type_code, ab.amount, ab.created_at from account_balance ab join (select user_id, year, month, account_id, account_type_code, amount, max(created_at) AS max_created_at from account_balance where user_id = ? group by user_id, year, month, account_id, account_type_code) subquery on ab.user_id = subquery.user_id and ab.year = subquery.year and ab.month = subquery.month and ab.account_id = subquery.account_id and ab.account_type_code = subquery.account_type_code and ab.created_at = subquery.max_created_at '
2025-03-05 18:46:11 - INFO - Результат fetchall успешно получен
2025-03-05 18:46:11 - INFO - Подключение к базе данных закрыто: 'budget_keeper.db'
2025-03-05 18:46:11 - WARNING - Данные по всем счетам пользователя за всё время не были получены: у пользователя нет таковых
2025-03-05 18:46:13 - INFO - Открытие страницы профиля для пользователя: '1'
2025-03-05 18:46:13 - INFO - Выполняется заполнение данных из базы данных пользователя, user_id: '1'
2025-03-05 18:46:13 - INFO - Успешное подключение к базе данных: 'budget_keeper.db'
2025-03-05 18:46:13 - INFO - Выполнение запроса к базе данных: 'select login, password, first_name, last_name, current_income from user_data where user_id = ?'
2025-03-05 18:46:13 - INFO - Результат fetchone успешно получен
2025-03-05 18:46:13 - INFO - Подключение к базе данных закрыто: 'budget_keeper.db'
2025-03-05 18:46:13 - INFO - Данные для пользователя успешно заполнены, логин: 'admin', пароль: '[HIDDEN]', имя: 'admin', фамилия: '-', доход: '50000.0'
2025-03-05 18:46:14 - INFO - Открытие главной страницы приложения
2025-03-05 18:46:14 - INFO - Выполняется поиск имени пользователя по указанному id: '1'
2025-03-05 18:46:14 - INFO - Успешное подключение к базе данных: 'budget_keeper.db'
2025-03-05 18:46:14 - INFO - Выполнение запроса к базе данных: 'select first_name, current_income from user_data where user_id = ?'
2025-03-05 18:46:14 - INFO - Результат fetchone успешно получен
2025-03-05 18:46:14 - INFO - Подключение к базе данных закрыто: 'budget_keeper.db'
2025-03-05 18:46:14 - INFO - Пользователь с заданным id найден, имя: 'admin'
2025-03-05 18:46:14 - INFO - Успешный вход на страницу пользователя
2025-03-05 18:46:14 - INFO - Выполняется сбор необходимых данных по счетам пользователя для настройки столбчатого графика
2025-03-05 18:46:14 - INFO - Успешное подключение к базе данных: 'budget_keeper.db'
2025-03-05 18:46:14 - INFO - Выполнение запроса к базе данных: 'select ab.balance_id, ab.user_id, ab.year, ab.month, ab.account_id, ab.account_type_code, ab.amount, ab.created_at from account_balance ab join (select user_id, year, month, account_id, account_type_code, amount, max(created_at) AS max_created_at from account_balance where user_id = ? group by user_id, year, month, account_id, account_type_code) subquery on ab.user_id = subquery.user_id and ab.year = subquery.year and ab.month = subquery.month and ab.account_id = subquery.account_id and ab.account_type_code = subquery.account_type_code and ab.created_at = subquery.max_created_at '
2025-03-05 18:46:14 - INFO - Результат fetchall успешно получен
2025-03-05 18:46:14 - INFO - Подключение к базе данных закрыто: 'budget_keeper.db'
2025-03-05 18:46:14 - WARNING - Данные по всем счетам пользователя за всё время не были получены: у пользователя нет таковых
2025-03-05 18:46:14 - INFO - Открытие страницы счетов для пользователя: '1'
2025-03-05 18:46:14 - INFO - Выполняется настройка для отображения счетов пользователя
2025-03-05 18:46:14 - INFO - Успешное подключение к базе данных: 'budget_keeper.db'
2025-03-05 18:46:14 - INFO - Выполнение запроса к базе данных: 'select account_id, account_name, account_type_name, account_type_code from user_account where user_id = ? and active_flag = 1'
2025-03-05 18:46:14 - INFO - Результат fetchall успешно получен
2025-03-05 18:46:14 - INFO - Подключение к базе данных закрыто: 'budget_keeper.db'
2025-03-05 18:46:14 - INFO - Информация по счетам пользователя успешно получена
2025-03-05 18:46:14 - INFO - Отображение счетов пользователя успешно выполнено, количество счетов: '2'
2025-03-05 18:46:15 - INFO - Открытие страницы истории счетов для пользователя: '1'
2025-03-05 18:46:15 - INFO - Выполняется получение всех данных по всем счетам пользователя за всё время 
2025-03-05 18:46:15 - INFO - Успешное подключение к базе данных: 'budget_keeper.db'
2025-03-05 18:46:15 - INFO - Выполнение запроса к базе данных: 'select ab.balance_id, ab.user_id, ab.year, ab.month, ab.account_id, ab.account_type_code, ab.amount, ab.created_at from account_balance ab join (select user_id, year, month, account_id, account_type_code, amount, max(created_at) AS max_created_at from account_balance where user_id = ? group by user_id, year, month, account_id, account_type_code) subquery on ab.user_id = subquery.user_id and ab.year = subquery.year and ab.month = subquery.month and ab.account_id = subquery.account_id and ab.account_type_code = subquery.account_type_code and ab.created_at = subquery.max_created_at '
2025-03-05 18:46:15 - INFO - Результат fetchall успешно получен
2025-03-05 18:46:15 - INFO - Подключение к базе данных закрыто: 'budget_keeper.db'
2025-03-05 18:46:15 - WARNING - Данные по всем счетам пользователя за всё время не были получены: у пользователя нет таковых
2025-03-05 18:46:16 - INFO - Открытие страницы помощи
2025-03-05 18:46:17 - INFO - Открытие главной страницы приложения
2025-03-05 18:46:17 - INFO - Выполняется поиск имени пользователя по указанному id: '1'
2025-03-05 18:46:17 - INFO - Успешное подключение к базе данных: 'budget_keeper.db'
2025-03-05 18:46:17 - INFO - Выполнение запроса к базе данных: 'select first_name, current_income from user_data where user_id = ?'
2025-03-05 18:46:17 - INFO - Результат fetchone успешно получен
2025-03-05 18:46:17 - INFO - Подключение к базе данных закрыто: 'budget_keeper.db'
2025-03-05 18:46:17 - INFO - Пользователь с заданным id найден, имя: 'admin'
2025-03-05 18:46:17 - INFO - Успешный вход на страницу пользователя
2025-03-05 18:46:17 - INFO - Выполняется сбор необходимых данных по счетам пользователя для настройки столбчатого графика
2025-03-05 18:46:17 - INFO - Успешное подключение к базе данных: 'budget_keeper.db'
2025-03-05 18:46:17 - INFO - Выполнение запроса к базе данных: 'select ab.balance_id, ab.user_id, ab.year, ab.month, ab.account_id, ab.account_type_code, ab.amount, ab.created_at from account_balance ab join (select user_id, year, month, account_id, account_type_code, amount, max(created_at) AS max_created_at from account_balance where user_id = ? group by user_id, year, month, account_id, account_type_code) subquery on ab.user_id = subquery.user_id and ab.year = subquery.year and ab.month = subquery.month and ab.account_id = subquery.account_id and ab.account_type_code = subquery.account_type_code and ab.created_at = subquery.max_created_at '
2025-03-05 18:46:17 - INFO - Результат fetchall успешно получен
2025-03-05 18:46:17 - INFO - Подключение к базе данных закрыто: 'budget_keeper.db'
2025-03-05 18:46:17 - WARNING - Данные по всем счетам пользователя за всё время не были получены: у пользователя нет таковых
2025-03-05 18:46:19 - INFO - Открытие страницы подтверждения выхода из приложения
2025-03-05 18:46:19 - INFO - Пользователь подтвердил выход из приложения
2025-03-05 18:46:19 - INFO - Завершение работы приложения Budget Keeper
